make.exe all --print-data-base --no-builtin-variables --no-builtin-rules --question
# GNU Make 3.82.90
# Built for i686-pc-mingw32
# Copyright (C) 1988-2012 Free Software Foundation, Inc.
# License GPLv3+: GNU GPL version 3 or later <http://gnu.org/licenses/gpl.html>
# This is free software: you are free to change and redistribute it.
# There is NO WARRANTY, to the extent permitted by law.
 

# Make data base, printed on Thu Sep 16 04:39:59 2021

# Variables

# automatic
<D = $(patsubst %/,%,$(patsubst %\,%,$(dir $<)))
# automatic
?F = $(notdir $?)
# default
.SHELLFLAGS := -c
# makefile (from 'Makefile', line 24)
OBJ = $(SRC:.c=.o)
# makefile (from 'Makefile', line 13)
SRC = main.c parser.c pipe.c command.c args.c bin.c builtins.c cd.c utils.c utils2.c
# makefile
MAKEFLAGS = sRrqp
# environment
VSCODE_LOG_NATIVE = false
# automatic
?D = $(patsubst %/,%,$(patsubst %\,%,$(dir $?)))
# automatic
@D 
 = $(patsubst %/,%,$(patsubst %\,%,$(dir $@)))
# environment
HOMEDRIVE = C:
# automatic
@F = $(notdir $@)
# automatic
^D = $(patsubst %/,%,$(patsubst %\,%,$(dir $^)))
# makefile
CURDIR := c:/Users/w/Desktop/mini
# default
SHELL := sh.exe
# makefile (from 'Makefile', line 6)
RM = rm -f
# environment
WINDIR = C:\WINDOWS
# environment
VSCODE_NLS_CONFIG = {"locale":"en","availableLanguages":{},"_languagePackSupport":true}
# environment
VBOX_MSI_INSTALL_PATH = C:\Program Files\Oracle\VirtualBox\
# makefile (from 'Makefile', line 4)
CFLAGS = -Wall -Wextra -Werror
# environment
ONEDRIVE = C:\Users\w\OneDrive
# environment
PATHEXT = .COM;.EXE;.BAT;.CMD;.VBS;.VBE;.JS;.JSE;.WSF;.WSH;.MSC
# makefile (from 'Makefile', line 1)
MAKEFILE_LIST :=  Makefile
# environment
TMP = C:\Users\w\AppData\Local\Temp
# environment
VSCODE_VERBOSE_LOGGING = true
# environment
PROGRAMW6432 = C:\Program Files
# makefile (from 'Makefile', line 27)
OBJS = $(addprefix $(SRCS_DIR)/, $(OBJ))
# environment
PROGRAMDATA = C:\ProgramData
# makefile (from 'Makefile', line 5)
INCS = .
# environment
VSCODE_IPC_HOOK_EXTHOST = \\.\pipe\vscode-ipc-38dffb3f-0cc2-428c-946b-2907804a0411-sock
# environment
VSCODE_CWD = C:\Users\w\AppData\Local\Programs\Microsoft VS Code
# environment
PATH = C:\Program Files (x86)\NAT Service;C:\WINDOWS\system32;C:\WINDOWS;C:\WINDOWS\System32\Wbem;C:\WINDOWS\System32\WindowsPowerShell\v1.0\;C:\WINDOWS\System32\OpenSSH\;C:\Program Files\Git\cmd;C:\MinGW\bin;C:\Users\w\AppData\Local\Microsoft\WindowsApps;;C:\Users\w\AppData\Local\Programs\Microsoft VS Code\bin
# environment
COMMONPROGRAMW6432 = C:\Program Files\Common Files
# environment
PROCESSOR_ARCHITECTURE = x86
# environment
USERPROFILE = C:\Users\w
# environment
ALLUSERSPROFILE = C:\ProgramData
# makefile (from 'Makefile', line 9)
SRCS_DIR = srcs
# environment
VSCODE_LOG_STACK = false
# environment
NUMBER_OF_PROCESSORS = 4
# environment
ELECTRON_RUN_AS_NODE = 1
# default
.FEATURES := target-specific order-only second-expansion else-if shortest-stem undefine oneshell archives jobserver
# makefile (from 'Makefile', line 10)
LIBFT_DIR = libft
# automatic
%F = $(notdir $%)
# environment
CHROME_CRASHPAD_PIPE_NAME = \\.\pipe\crashpad_5604_SPVHLAMTOABGQMTE
# environment
VSCODE_PIPE_LOGGING = true
# environment
COMPUTERNAME = DESKTOP-SCJIHJV
# environment
PROGRAMFILES = C:\Program Files (x86)
# environment
DRIVERDATA = C:\Windows\System32\Drivers\DriverData
# environment
ASL.LOG = Destination=file
# environment
ORIGINAL_XDG_CURRENT_DESKTOP = undefined
# environment
USERNAME = w
# environment
PUBLIC = C:\Users\Public
# environment
VSCODE_AMD_ENTRYPOINT = vs/workbench/services/extensions/node/extensionHostProcess
# environment
VSCODE_CODE_CACHE_PATH = C:\Users\w\AppData\Roaming\Code\CachedData\e7d7e9a9348e6a8cc8c03f877d39cb72e5dfb1ff
# environment
APPLICATION_INSIGHTS_NO_DIAGNOSTIC_CHANNEL = true
# environment
COMMONPROGRAMFILES = C:\Program Files (x86)\Common Files
# environment
LOGONSERVER = \\DESKTOP-SCJIHJV
# environment
ONEDRIVECONSUMER = C:\Users\w\OneDrive
# environment
VSCODE_HANDLES_UNCAUGHT_ERRORS = true
# environment
USERDOMAIN = DESKTOP-SCJIHJV
# environment
MAKELEVEL := 0
# default
MAKE = $(MAKE_COMMAND)
# default
MAKECMDGOALS := all
# makefile (from 'Makefile', line 26)
SRCS = $(addprefix $(SRCS_DIR)/, $(SRC))
# makefile (from 'Makefile', line 3)
CC = gcc
# default
MAKE_VERSION := 3.82.90
# makefile
.DEFAULT_GOAL := all
# makefile (from 'Makefile', line 1)
NAME = minishell
# environment
PROGRAMFILES(X86) = C:\Program Files (x86)
# automatic
%D = $(patsubst %/,%,$(patsubst %\,%,$ 
(dir $%)))
# environment
LOCALAPPDATA = C:\Users\w\AppData\Local
# environment
PSMODULEPATH = C:\Program Files\WindowsPowerShell\Modules;C:\WINDOWS\system32\WindowsPowerShell\v1.0\Modules
# default
MAKE_COMMAND := make.exe
# environment
PROCESSOR_ARCHITEW6432 = AMD64
# default
.VARIABLES := 
# automatic
*F = $(notdir $*)
# environment
PROCESSOR_IDENTIFIER = Intel64 Family 6 Model 94 Stepping 3, GenuineIntel
# environment
OS = Windows_NT
# environment
VSCODE_IPC_HOOK = \\.\pipe\6a36a6d8b03d5c92b7efad6ce15bdd8b-1.60.0-main-sock
# environment
HOMEPATH = \Users\w
# environment
COMMONPROGRAMFILES(X86) = C:\Program Files (x86)\Common Files
# environment
PROMPT = $P$G
# environment
MFLAGS = -sRrqp
# automatic
*D = $(patsubst %/,%,$(patsubst %\,%,$(dir $*)))
# environment
SYSTEMROOT = C:\WINDOWS
# automatic
+D = $(patsubst %/,%,$(patsubst %\,%,$(dir $+)))
# automatic
+F = $(notdir $+)
# environment
APPDATA = C:\Users\w\AppData\Roaming
# environment
TEMP = C:\Users\w\AppData\Local\Temp
# environment
COMSPEC = C:\WINDOWS\system32\cmd.exe
# default
MAKEFILES := 
# automatic
<F = $(notdir $<)
# environment
LC_ALL = C
# makefile (from 'Makefile', line 7)
LIBC = ar rc
# automatic
^F = $(notdir $^)
# default
SUFFIXES := 
# environment
SYSTEMDRIVE = C:
# environment
SESSIONNAME = Console
# environment
PROCESSOR_REVISION = 5e03
# default
.INCLUDE_DIRS = C:/MinGW/include
# default
.RECIPEPREFIX := 
# environment
LANG = C
# environment
PROCESSOR_LEVEL = 6
# environment
VSCODE_PID = 5604
# makefile (from 'Makefile', line 11)
LIBFT_LIB = libft.a
# environment
USERDOMAIN_ROAMINGPROFILE = DESKTOP-SCJIHJV
# variable set hash-table stats:
# Load=105/1024=10%, Rehash=0, Collisions=16/130=12%

# Pattern-specific Variable Values

# No pattern-specific variable values.

# Directories

# : could not be stat'd.
# C:\Users\w\AppData\Local\Programs\Microsoft VS Code\bin (key C:/Users/w/AppData/Local/Programs/Microsoft VS Code/bin, mtime 1630635683): 4 files, no impossibilities.
# C:\WINDOWS\System32\WindowsPowerShell\v1.0\ (key C:/WINDOWS/System 
32/WindowsPowerShell/v1.0/, mtime 1622426734): 33 files, no impossibilities.
# . (key c:/Users/w/Desktop/mini, mtime 1631734773): 7 files, no impossibilities.
# C:\Program Files\Git\cmd (key C:/Program Files/Git/cmd, mtime 1628248203): 8 files, no impossibilities.
# C:\WINDOWS\System32\OpenSSH\: could not be stat'd.
# C:\MinGW\bin (key C:/MinGW/bin, mtime 1631245288): 127 files, no impossibilities.
# C:\WINDOWS (key C:/WINDOWS, mtime 1629816461): 105 files, no impossibilities.
# C:\Program Files (x86)\NAT Service (key C:/Program Files (x86)/NAT Service, mtime 1626841690): 10 files, no impossibilities.
# C:\WINDOWS\System32\Wbem (key C:/WINDOWS/System32/Wbem, mtime 1629816462): 173 files, no impossibilities.
# C:\WINDOWS\system32 (key C:/WINDOWS/system32, mtime 1631411674): 2961 files, no impossibilities.
# C:\Users\w\AppData\Local\Microsoft\WindowsApps (key C:/Users/w/AppData/Local/Microsoft/WindowsApps, mtime 1631592815): 14 files, no impossibilities.

# 3442 files, no impossibilities in 12 directories.

# Implicit Rules

# No implicit rules.

# Files

all: minishell
#  Phony target (prerequisite of .PHONY).
#  Command line target.
#  Implicit rule search has not been done.
#  File does not exist.
#  File has not been updated.
#  recipe to execute (from 'Makefile', line 31):
	$(CC) $(CFLAGS) $(NAME) srcs/main.c -o minishell

.PHONY: all fclean clean re
#  Implicit rule search has not been done.
#  Modification time never checked.
#  File has not been updated.

# Not a target:
srcs/cd.o:
#  Implicit rule search 
 has not been done.
#  Modification time never checked.
#  File has not been updated.

# Not a target:
.SUFFIXES:
#  Implicit rule search has not been done.
#  Modification time never checked.
#  File has not been updated.

# Not a target:
Makefile:
#  Implicit rule search has been done.
#  Last modified 2021-09-16 03:13:22
#  File has been updated.
#  Successfully updated.

# Not a target:
srcs/utils.o:
#  Implicit rule search has not been done.
#  Modification time never checked.
#  File has not been updated.

# Not a target:
srcs/bin.o:
#  Implicit rule search has not been done.
#  Modification time never checked.
#  File has not been updated.

minishell: srcs/main.o srcs/parser.o srcs/pipe.o srcs/command.o srcs/args.o srcs/bin.o srcs/builtins.o srcs/cd.o srcs/utils.o srcs/utils2.o
#  Implicit rule search has not been done.
#  File does not exist.
#  File has not been updated.
#  recipe to execute (from 'Makefile', line 34):
	make all -C $(LIBFT_DIR)/
	cp $(LIBFT_DIR)/$(LIBFT_LIB) $@
	$(LIBC) $@ $^
	

fclean: clean
#  Phony target (prerequisite of .PHONY).
#  Implicit rule search has not been done.
#  File does not exist.
#  File has not been updated.
#  recipe to execute (from 'Makefile', line 39):
	$(RM) $(NAME)
	make fclean -C $(LIBFT_DIR)

# Not a target:
srcs/builtins.o:
#  Implicit rule search has not been done.
#  Modification time never checked.
#  File has not been updated.

# Not a target:
srcs/command.o:
#  Implicit rule search has not been done.
#  Modification time never checked.
#  File has not been updated.

.SILENT:
#  Implicit rule search has not been done.
#  Modification time never checked.
#  File has not been updated.

# Not a target:
.DEFAULT:
#  Implicit rule search has not been done.
#  Modification time never checked.
#  File has not been updated.

re: fclean all
#  Phony target (prerequisite of .PHONY).
#  Implicit rule search has not been done.
#  File does not exist.
#  File has not been updated.

clean:
#  Phony target (prerequisite of .PHONY).
#  Implicit rule search has not been done.
#  File does not exist.
#  File has not been updated.
#  recipe to execute (from 'Makefile', line 43):
	$(RM) $(OBJS)
	make clean -C $(LIBFT_DIR)

# Not a target:
srcs/parser.o:
#  Implicit rule search has not been done.
#  Modification time never checked.
#  File has not been updated.

# Not a target:
srcs/args.o:
#  Implicit rule search has not been done.
#  Modification time never checked.
#  File has not been updated.

# Not a target:
srcs/utils2.o:
#  Implicit rule search has not been done.
#  Mo 
dification time never checked.
#  File has not been updated.

# Not a target:
srcs/pipe.o:
#  Implicit rule search has not been done.
#  Modification time never checked.
#  File has not been updated.

# Not a target:
srcs/main.o:
#  Implicit rule search has been done.
#  File does not exist.
#  File has not been updated.

# files hash-table stats:
# Load=20/1024=2%, Rehash=0, Collisions=0/51=0%
# VPATH Search Paths

# No 'vpath' search paths.

# No general ('VPATH' variable) search path.

# strcache buffers: 7 (5) / strings = 3431 / storage = 51512 B / avg = 15 B
# current buf: size = 8174 B / used = 2528 B / count = 179 / avg = 14 B
# other used: total = 43338 B / count = 3252 / avg = 13 B
# other free: total = 60 B / max = 16 B / min = 5 B / avg = 10 B

# strcache performance: lookups = 3492 / hit rate = 1%
# hash-table stats:
# Load=3431/8192=42%, Rehash=0, Collisions=1182/3492=34%
# Finished Make data base on Thu Sep 16 04:39:59 2021

 
make.exe: *** No rule to make target 'srcs/main.o', needed by 'minishell'.  Stop.
 
